<?xml version="1.0" encoding="UTF-8" ?>
<testsuite tests="68" failures="0" name="com.ef.TopLevelSuite" time="0.062" errors="0" skipped="0">
  <properties>
[...]
</properties>
  <testcase classname="com.ef.inputs.ConverterAndValidateStartDateTest" name="testInvalidDateApril31" time="0.008"/>
  <testcase classname="com.ef.inputs.ConverterAndValidateStartDateTest" name="testInvalidHour" time="0"/>
  <testcase classname="com.ef.inputs.ConverterAndValidateStartDateTest" name="testInvalidDateFebruary29" time="0"/>
  <testcase classname="com.ef.inputs.ConverterAndValidateStartDateTest" name="testInvalidDateFebruary30" time="0"/>
  <testcase classname="com.ef.inputs.ConverterAndValidateStartDateTest" name="testEmpty" time="0"/>
  <testcase classname="com.ef.inputs.ConverterAndValidateStartDateTest" name="testNull" time="0"/>
  <testcase classname="com.ef.inputs.ConverterAndValidateStartDateTest" name="testInvalidDayZero" time="0"/>
  <testcase classname="com.ef.inputs.ConverterAndValidateStartDateTest" name="testInvalidMinute" time="0"/>
  <testcase classname="com.ef.inputs.ConverterAndValidateStartDateTest" name="testInvalidSecond" time="0.001"/>
  <testcase classname="com.ef.inputs.ConverterAndValidateStartDateTest" name="testInvalidString" time="0"/>
  <testcase classname="com.ef.inputs.ConverterAndValidateStartDateTest" name="testInvalidOnlyDate" time="0.002"/>
  <testcase classname="com.ef.inputs.ConverterAndValidateStartDateTest" name="testInvalidOnlyTime" time="0"/>
  <testcase classname="com.ef.inputs.ConverterAndValidateStartDateTest" name="testInvalidMonthZero" time="0"/>
  <testcase classname="com.ef.inputs.ConverterAndValidateStartDateTest" name="testInvalidMonth" time="0"/>
  <testcase classname="com.ef.inputs.ConverterAndValidateStartDateTest" name="testValidDateOK1" time="0.002"/>
  <testcase classname="com.ef.inputs.ConverterAndValidateStartDateTest" name="testValidDateOK2" time="0.001"/>
  <testcase classname="com.ef.inputs.ConverterAndValidateStartDateTest" name="testInvalidDay" time="0"/>
  <testcase classname="com.ef.inputs.ConverterAndValidateStartDateTest" name="testInvalidYearZero1" time="0"/>
  <testcase classname="com.ef.inputs.ConverterAndValidateStartDateTest" name="testInvalidYearZero2" time="0"/>
  <testcase classname="com.ef.inputs.ConverterAndValidateStartDateTest" name="testInvalidYearZero3" time="0"/>
  <testcase classname="com.ef.inputs.ConverterAndValidateStartDateTest" name="testInvalidFormat1" time="0"/>
  <testcase classname="com.ef.inputs.ConverterAndValidateStartDateTest" name="testInvalidFormat2" time="0"/>
  <testcase classname="com.ef.inputs.ConverterAndValidateDurationTest" name="testEmpty" time="0.001"/>
  <testcase classname="com.ef.inputs.ConverterAndValidateDurationTest" name="testNull" time="0"/>
  <testcase classname="com.ef.inputs.ConverterAndValidateDurationTest" name="testIInvalidHourlyCase" time="0"/>
  <testcase classname="com.ef.inputs.ConverterAndValidateDurationTest" name="testInValidDailyCase" time="0"/>
  <testcase classname="com.ef.inputs.ConverterAndValidateDurationTest" name="testInValidDailyUpperCase" time="0"/>
  <testcase classname="com.ef.inputs.ConverterAndValidateDurationTest" name="testIValidHourly" time="0"/>
  <testcase classname="com.ef.inputs.ConverterAndValidateDurationTest" name="testIValidDaily" time="0"/>
  <testcase classname="com.ef.inputs.ConverterAndValidateDurationTest" name="testInvalid" time="0"/>
  <testcase classname="com.ef.inputs.ConverterAndValidateDurationTest" name="testIInvalidHourlyUpperCase" time="0"/>
  <testcase classname="com.ef.inputs.ConverterAndValidateThresholdTest" name="testInvalidWord" time="0"/>
  <testcase classname="com.ef.inputs.ConverterAndValidateThresholdTest" name="testOne" time="0"/>
  <testcase classname="com.ef.inputs.ConverterAndValidateThresholdTest" name="testSum" time="0"/>
  <testcase classname="com.ef.inputs.ConverterAndValidateThresholdTest" name="testTen" time="0.001"/>
  <testcase classname="com.ef.inputs.ConverterAndValidateThresholdTest" name="testEmpty" time="0"/>
  <testcase classname="com.ef.inputs.ConverterAndValidateThresholdTest" name="testNull" time="0"/>
  <testcase classname="com.ef.inputs.ConverterAndValidateThresholdTest" name="testZero" time="0"/>
  <testcase classname="com.ef.inputs.ConverterAndValidateThresholdTest" name="testRacional" time="0.001"/>
  <testcase classname="com.ef.inputs.ConverterAndValidateThresholdTest" name="testMillion" time="0"/>
  <testcase classname="com.ef.inputs.ConverterAndValidateThresholdTest" name="testHundred" time="0"/>
  <testcase classname="com.ef.inputs.ConverterAndValidateThresholdTest" name="testNegative" time="0"/>
  <testcase classname="com.ef.inputs.ConverterAndValidateThresholdTest" name="testThousand" time="0"/>
  <testcase classname="com.ef.inputs.ConverterAndValidateFilePathTest" name="testEmpty" time="0"/>
  <testcase classname="com.ef.inputs.ConverterAndValidateFilePathTest" name="testValid" time="0.005"/>
  <testcase classname="com.ef.inputs.ConverterAndValidateFilePathTest" name="testNull" time="0"/>
  <testcase classname="com.ef.inputs.ConverterAndValidateFilePathTest" name="testFileNotExists" time="0.001"/>
  <testcase classname="com.ef.inputs.InputHandlerTest" name="testWithoutDuration" time="0.009"/>
  <testcase classname="com.ef.inputs.InputHandlerTest" name="testEmpty" time="0"/>
  <testcase classname="com.ef.inputs.InputHandlerTest" name="testNull" time="0"/>
  <testcase classname="com.ef.inputs.InputHandlerTest" name="testWithoutStartDate" time="0"/>
  <testcase classname="com.ef.inputs.InputHandlerTest" name="testWithoutFilePath" time="0"/>
  <testcase classname="com.ef.inputs.InputHandlerTest" name="testWithoutThreshold" time="0.001"/>
  <testcase classname="com.ef.inputs.InputHandlerTest" name="testAllAtributes" time="0.001"/>
  <testcase classname="com.ef.file.FileReaderTest" name="testErrorLine10" time="0.014"/>
  <testcase classname="com.ef.file.FileReaderTest" name="testErrorLine11" time="0.002"/>
  <testcase classname="com.ef.file.FileReaderTest" name="testErrorLine12" time="0.001"/>
  <testcase classname="com.ef.file.FileReaderTest" name="testEmpty" time="0.001"/>
  <testcase classname="com.ef.file.FileReaderTest" name="testOK" time="0.001"/>
  <testcase classname="com.ef.file.FileReaderTest" name="testErrorLine1" time="0.001"/>
  <testcase classname="com.ef.file.FileReaderTest" name="testErrorLine2" time="0.001"/>
  <testcase classname="com.ef.file.FileReaderTest" name="testErrorLine3" time="0.001"/>
  <testcase classname="com.ef.file.FileReaderTest" name="testErrorLine4" time="0.001"/>
  <testcase classname="com.ef.file.FileReaderTest" name="testErrorLine5" time="0.001"/>
  <testcase classname="com.ef.file.FileReaderTest" name="testErrorLine6" time="0.001"/>
  <testcase classname="com.ef.file.FileReaderTest" name="testErrorLine7" time="0.001"/>
  <testcase classname="com.ef.file.FileReaderTest" name="testErrorLine8" time="0.001"/>
  <testcase classname="com.ef.file.FileReaderTest" name="testErrorLine9" time="0.001"/>
</testsuite>